<?xml version="1.0" encoding="UTF-8"?>
<testsuite name="BasketTest" tests="5" skipped="0" failures="0" errors="0" timestamp="2024-04-06T11:53:11" hostname="DESKTOP-SIGJCNI" time="0.022">
  <properties/>
  <testcase name="testAddFruitBasket()" classname="BasketTest" time="0.015"/>
  <testcase name="testCompare()" classname="BasketTest" time="0.001"/>
  <testcase name="testAddAppleBasket()" classname="BasketTest" time="0.0"/>
  <testcase name="testTransfer()" classname="BasketTest" time="0.001"/>
  <testcase name="testAddOrangeBasket()" classname="BasketTest" time="0.001"/>
  <system-out><![CDATA[]]></system-out>
  <system-err><![CDATA[]]></system-err>
</testsuite>
